Build started 3/30/2012 8:56:07 AM.
     1>Project "C:\Users\Me\Desktop\RESTtest\RESTtest\RestThing\RestThing.vcxproj" on node 2 (build target(s)).
     1>InitializeBuildStatus:
         Touching "Debug\RestThing.unsuccessfulbuild".
       GenerateTargetFrameworkMonikerAttribute:
       Skipping target "GenerateTargetFrameworkMonikerAttribute" because all output files are up-to-date with respect to the input files.
       ClCompile:
         All outputs are up-to-date.
         All outputs are up-to-date.
         C:\Program Files (x86)\Microsoft Visual Studio 10.0\VC\bin\CL.exe /c /AI"C:\Program Files (x86)\Reference Assemblies\Microsoft\Framework\.NETFramework\v4.0" /Zi /clr /nologo /W3 /WX- /Od /Oy- /D WIN32 /D _DEBUG /D _WINDOWS /D _USRDLL /D RESTTHING_EXPORTS /D _WINDLL /D _UNICODE /D UNICODE /EHa /MDd /GS /fp:precise /Zc:wchar_t /Zc:forScope /Yu"StdAfx.h" /Fp"Debug\RestThing.pch" /Fo"Debug\\" /Fd"Debug\vc100.pdb" /TP /analyze- /errorReport:prompt RestThing.cpp /clr:nostdlib 
         RestThing.cpp
     1>RestThing.cpp(29): error C2512: 'System::Net::HttpWebRequest::HttpWebRequest' : no appropriate default constructor available
     1>RestThing.cpp(34): error C2582: 'operator =' function is unavailable in 'System::Net::HttpWebRequest'
     1>RestThing.cpp(35): error C2819: type 'System::Net::HttpWebRequest' does not have an overloaded member 'operator ->'
                 c:\program files (x86)\reference assemblies\microsoft\framework\.netframework\v4.0\system.dll : see declaration of 'System::Net::HttpWebRequest'
                 did you intend to use '.' instead?
     1>RestThing.cpp(35): error C2232: '->System::Net::HttpWebRequest::ServicePoint' : left operand has 'class' type, use '.'
     1>RestThing.cpp(35): error C2227: left of '->Expect100Continue' must point to class/struct/union/generic type
     1>RestThing.cpp(36): error C2819: type 'System::Net::HttpWebRequest' does not have an overloaded member 'operator ->'
                 c:\program files (x86)\reference assemblies\microsoft\framework\.netframework\v4.0\system.dll : see declaration of 'System::Net::HttpWebRequest'
                 did you intend to use '.' instead?
     1>RestThing.cpp(36): error C2232: '->System::Net::HttpWebRequest::Method' : left operand has 'class' type, use '.'
     1>RestThing.cpp(37): error C2039: 'GetResponse' : is not a member of 'System::Net::HttpWebResponse'
                 c:\program files (x86)\reference assemblies\microsoft\framework\.netframework\v4.0\system.dll : see declaration of 'System::Net::HttpWebResponse'
     1>Done Building Project "C:\Users\Me\Desktop\RESTtest\RESTtest\RestThing\RestThing.vcxproj" (build target(s)) -- FAILED.

Build FAILED.

Time Elapsed 00:00:00.88
